{"contracts/mocks/ERC20Mock.sol":{"l":{"15":3,"24":8,"31":3,"38":0},"path":"/Users/saxenism/NonFungibleFinance/solidity/contracts/mocks/ERC20Mock.sol","s":{"1":3,"2":8,"3":3,"4":0},"b":{},"f":{"1":3,"2":8,"3":3,"4":0},"fnMap":{"1":{"name":"mint","line":14,"loc":{"start":{"line":14,"column":4},"end":{"line":16,"column":4}}},"2":{"name":"_afterTokenTransfer","line":20,"loc":{"start":{"line":20,"column":4},"end":{"line":25,"column":4}}},"3":{"name":"_mint","line":27,"loc":{"start":{"line":27,"column":4},"end":{"line":32,"column":4}}},"4":{"name":"_burn","line":34,"loc":{"start":{"line":34,"column":4},"end":{"line":39,"column":4}}}},"statementMap":{"1":{"start":{"line":15,"column":8},"end":{"line":15,"column":29}},"2":{"start":{"line":24,"column":8},"end":{"line":24,"column":50}},"3":{"start":{"line":31,"column":8},"end":{"line":31,"column":30}},"4":{"start":{"line":38,"column":8},"end":{"line":38,"column":35}}},"branchMap":{}},"contracts/VestingFactory.sol":{"l":{"22":8,"23":8,"28":5,"29":3,"38":18,"42":2,"53":8,"62":3,"71":0,"80":0,"90":5,"99":1,"116":8,"117":8,"118":8,"119":8,"128":5},"path":"/Users/saxenism/NonFungibleFinance/solidity/contracts/VestingFactory.sol","s":{"1":8,"2":8,"3":5,"4":18,"5":2,"6":8,"7":3,"8":0,"9":0,"10":5,"11":1,"12":8,"13":8,"14":8,"15":8,"16":5},"b":{"1":[3,2]},"f":{"1":3,"2":8,"3":5,"4":18,"5":2,"6":8,"7":3,"8":0,"9":0,"10":5,"11":1,"12":8,"13":5},"fnMap":{"1":{"name":"constructor","line":16,"loc":{"start":{"line":16,"column":4},"end":{"line":16,"column":33}}},"2":{"name":"initialize","line":20,"loc":{"start":{"line":18,"column":4},"end":{"line":24,"column":4}}},"3":{"name":"onlyOwner","line":27,"loc":{"start":{"line":27,"column":4},"end":{"line":30,"column":4}}},"4":{"name":"owner","line":32,"loc":{"start":{"line":32,"column":4},"end":{"line":39,"column":4}}},"5":{"name":"transferOwnership","line":41,"loc":{"start":{"line":41,"column":4},"end":{"line":43,"column":4}}},"6":{"name":"beneficiary","line":46,"loc":{"start":{"line":46,"column":4},"end":{"line":54,"column":4}}},"7":{"name":"cliff","line":56,"loc":{"start":{"line":56,"column":4},"end":{"line":63,"column":4}}},"8":{"name":"releaseable","line":65,"loc":{"start":{"line":65,"column":4},"end":{"line":72,"column":4}}},"9":{"name":"releaseable","line":74,"loc":{"start":{"line":74,"column":4},"end":{"line":81,"column":4}}},"10":{"name":"_vestingSchedule","line":83,"loc":{"start":{"line":83,"column":4},"end":{"line":91,"column":4}}},"11":{"name":"delegate","line":97,"loc":{"start":{"line":94,"column":4},"end":{"line":100,"column":4}}},"12":{"name":"newVesting","line":107,"loc":{"start":{"line":107,"column":4},"end":{"line":120,"column":4}}},"13":{"name":"_isApprovedOrOwner","line":122,"loc":{"start":{"line":122,"column":4},"end":{"line":129,"column":4}}}},"statementMap":{"1":{"start":{"line":22,"column":8},"end":{"line":22,"column":72}},"2":{"start":{"line":23,"column":8},"end":{"line":23,"column":46}},"3":{"start":{"line":28,"column":8},"end":{"line":28,"column":81}},"4":{"start":{"line":38,"column":8},"end":{"line":38,"column":66}},"5":{"start":{"line":42,"column":8},"end":{"line":42,"column":80}},"6":{"start":{"line":53,"column":8},"end":{"line":53,"column":22}},"7":{"start":{"line":62,"column":8},"end":{"line":62,"column":21}},"8":{"start":{"line":71,"column":8},"end":{"line":71,"column":65}},"9":{"start":{"line":80,"column":8},"end":{"line":80,"column":77}},"10":{"start":{"line":90,"column":8},"end":{"line":90,"column":90}},"11":{"start":{"line":99,"column":8},"end":{"line":99,"column":32}},"12":{"start":{"line":116,"column":8},"end":{"line":116,"column":49}},"13":{"start":{"line":117,"column":8},"end":{"line":117,"column":100}},"14":{"start":{"line":118,"column":8},"end":{"line":118,"column":62}},"15":{"start":{"line":119,"column":8},"end":{"line":119,"column":23}},"16":{"start":{"line":128,"column":8},"end":{"line":128,"column":99}}},"branchMap":{"1":{"line":28,"type":"if","locations":[{"start":{"line":28,"column":8},"end":{"line":28,"column":8}},{"start":{"line":28,"column":8},"end":{"line":28,"column":8}}]}}}}