TN:
SF:/Users/saxenism/NonFungibleFinance/solidity/contracts/mocks/ERC20Mock.sol
FN:14,mint
FN:20,_afterTokenTransfer
FN:27,_mint
FN:34,_burn
FNF:4
FNH:3
FNDA:3,mint
FNDA:8,_afterTokenTransfer
FNDA:3,_mint
FNDA:0,_burn
DA:15,3
DA:24,8
DA:31,3
DA:38,0
LF:4
LH:3
BRF:0
BRH:0
end_of_record
TN:
SF:/Users/saxenism/NonFungibleFinance/solidity/contracts/VestingFactory.sol
FN:16,constructor
FN:20,initialize
FN:27,onlyOwner
FN:32,owner
FN:41,transferOwnership
FN:46,beneficiary
FN:56,cliff
FN:65,releaseable
FN:74,releaseable
FN:83,_vestingSchedule
FN:97,delegate
FN:107,newVesting
FN:122,_isApprovedOrOwner
FNF:13
FNH:11
FNDA:3,constructor
FNDA:8,initialize
FNDA:5,onlyOwner
FNDA:18,owner
FNDA:2,transferOwnership
FNDA:8,beneficiary
FNDA:3,cliff
FNDA:0,releaseable
FNDA:0,releaseable
FNDA:5,_vestingSchedule
FNDA:1,delegate
FNDA:8,newVesting
FNDA:5,_isApprovedOrOwner
DA:22,8
DA:23,8
DA:28,5
DA:29,3
DA:38,18
DA:42,2
DA:53,8
DA:62,3
DA:71,0
DA:80,0
DA:90,5
DA:99,1
DA:116,8
DA:117,8
DA:118,8
DA:119,8
DA:128,5
LF:17
LH:15
BRDA:28,1,0,3
BRDA:28,1,1,2
BRF:2
BRH:2
end_of_record
